Handling lib "core"...
Handling lib "rpc-common"...
Handling lib "sdlib"...
HanLib saved to build\lib.a
"...
Handling lib "rpc-service-config"...
rpc-service-config: Does not exist, cloning from "https://github.com/mongoose-os-libs/rpc-service-config"...
rpc-common: Checking out master...
core: Checking out master...
sdlib: Checking out master...
core: Done, hash c7359ef09e0f75bd693d88672ba9665b84d0e46a
rpc-common: Done, hash a7b259fdcdce8a6439bf2217d490eb93852fe879
core: Hash unchanged at c7359ef09e0f75bd693d88672ba9665b84d0e46a (dir "/data/fwbuild-volumes/latest/apps/newsdget/esp32/build_contexts/build_ctx_368994741/deps/core")
core: Prepared local dir: "/data/fwbuild-volumes/latest/apps/newsdget/esp32/build_contexts/build_ctx_368994741/deps/core"
rpc-common: Hash unchanged at a7b259fdcdce8a6439bf2217d490eb93852fe879 (dir "/data/fwbuild-volumes/latest/apps/newsdget/esp32/build_contexts/build_ctx_368994741/deps/rpc-common")
rpc-common: Prepared local dir: "/data/fwbuild-volumes/latest/apps/newsdget/esp32/build_contexts/build_ctx_368994741/deps/rpc-common"
sdlib: Done, hash bd4f66082fbe01dc488cd5ce1782bf1bf1b656d2
sdlib: Hash unchanged at bd4f66082fbe01dc488cd5ce1782bf1bf1b656d2 (dir "/data/fwbuild-volumes/latest/apps/newsdget/esp32/build_contexts/build_ctx_368994741/deps/sdlib")
sdlib: Prepared local dir: "/data/fwbuild-volumes/latest/apps/newsdget/esp32/build_contexts/build_ctx_368994741/deps/sdlib"
rpc-service-fs: Checking out master...
rpc-service-fs: Pulling...
rpc-service-fs: Done, hash 7edeecacec8ed276aa83485ae8879219dfface29
rpc-service-fs: Hash unchanged at 7edeecacec8ed276aa83485ae8879219dfface29 (dir "/data/fwbuild-volumes/latest/apps/newsdget/esp32/build_contexts/build_ctx_368994741/deps/rpc-service-fs")
rpc-service-fs: Prepared local dir: "/data/fwbuild-volumes/latest/apps/newsdget/esp32/build_contexts/build_ctx_368994741/deps/rpc-service-fs"
rpc-service-config: Checking out master...
rpc-service-config: Done, hash b30e187977d8dafcb4297cff60e036855a7ff531
rpc-service-config: Hash is updated:  -> b30e187977d8dafcb4297cff60e036855a7ff531
rpc-service-config: Prepared local dir: "/data/fwbuild-volumes/latest/apps/newsdget/esp32/build_contexts/build_ctx_368994741/deps/rpc-service-config"
Handling lib "mongoose"...
mongoose: Checking out master...
mongoose: Done, hash 135dae3e5280c09e6416a3797effb507b93eef1d
mongoose: Hash unchanged at 135dae3e5280c09e6416a3797effb507b93eef1d (dir "/data/fwbuild-volumes/latest/apps/newsdget/esp32/build_contexts/build_ctx_368994741/deps/mongoose")
mongoose: Prepared local dir: "/data/fwbuild-volumes/latest/apps/newsdget/esp32/build_contexts/build_ctx_368994741/deps/mongoose"
Handling lib "mbedtls"...
Handling lib "vfs-common"...
vfs-common: Checking out master...
mbedtls: Checking out master...
vfs-common: Done, hash 6e0af5a5e886b051160c9948218c7419c662e1e3
vfs-common: Hash unchanged at 6e0af5a5e886b051160c9948218c7419c662e1e3 (dir "/data/fwbuild-volumes/latest/apps/newsdget/esp32/build_contexts/build_ctx_368994741/deps/vfs-common")
vfs-common: Prepared local dir: "/data/fwbuild-volumes/latest/apps/newsdget/esp32/build_contexts/build_ctx_368994741/deps/vfs-common"
mbedtls: Done, hash 2c27b0f06329386aadc853b40992710b6cccf1d6
mbedtls: Hash unchanged at 2c27b0f06329386aadc853b40992710b6cccf1d6 (dir "/data/fwbuild-volumes/latest/apps/newsdget/esp32/build_contexts/build_ctx_368994741/deps/mbedtls")
mbedtls: Prepared local dir: "/data/fwbuild-volumes/latest/apps/newsdget/esp32/build_contexts/build_ctx_368994741/deps/mbedtls"
Handling lib "atca"...
atca: Checking out master...
atca: Done, hash 8fc5370f2244244e91973316bac28fd5a19528f9
atca: Hash unchanged at 8fc5370f2244244e91973316bac28fd5a19528f9 (dir "/data/fwbuild-volumes/latest/apps/newsdget/esp32/build_contexts/build_ctx_368994741/deps/atca")
atca: Prepared local dir: "/data/fwbuild-volumes/latest/apps/newsdget/esp32/build_contexts/build_ctx_368994741/deps/atca"
Handling lib "i2c"...
i2c: Checking out master...
i2c: Done, hash a411757db65da6890a30028244c8fc932d45f6f2
i2c: Hash unchanged at a411757db65da6890a30028244c8fc932d45f6f2 (dir "/data/fwbuild-volumes/latest/apps/newsdget/esp32/build_contexts/build_ctx_368994741/deps/i2c")
i2c: Prepared local dir: "/data/fwbuild-volumes/latest/apps/newsdget/esp32/build_contexts/build_ctx_368994741/deps/i2c"
Handling lib "freertos"...
Handling lib "vfs-fs-spiffs"...
Handling lib "vfs-fs-lfs"...
vfs-fs-spiffs: Checking out master...
vfs-fs-lfs: Checking out master...
freertos: Checking out master...
vfs-fs-spiffs: Done, hash 12850caac96f1ea6278d21a661d93a11228de4c3
vfs-fs-spiffs: Hash unchanged at 12850caac96f1ea6278d21a661d93a11228de4c3 (dir "/data/fwbuild-volumes/latest/apps/newsdget/esp32/build_contexts/build_ctx_368994741/deps/vfs-fs-spiffs")
vfs-fs-spiffs: Prepared local dir: "/data/fwbuild-volumes/latest/apps/newsdget/esp32/build_contexts/build_ctx_368994741/deps/vfs-fs-spiffs"
vfs-fs-lfs: Done, hash fc50315244ebc354f302628eecd416c2fab2251b
freertos: Done, hash bee6008ac1be64cf7fa099ff523aa8f7d18744d9
vfs-fs-lfs: Hash unchanged at fc50315244ebc354f302628eecd416c2fab2251b (dir "/data/fwbuild-volumes/latest/apps/newsdget/esp32/build_contexts/build_ctx_368994741/deps/vfs-fs-lfs")
vfs-fs-lfs: Prepared local dir: "/data/fwbuild-volumes/latest/apps/newsdget/esp32/build_contexts/build_ctx_368994741/deps/vfs-fs-lfs"
freertos: Hash unchanged at bee6008ac1be64cf7fa099ff523aa8f7d18744d9 (dir "/data/fwbuild-volumes/latest/apps/newsdget/esp32/build_contexts/build_ctx_368994741/deps/freertos")
freertos: Prepared local dir: "/data/fwbuild-volumes/latest/apps/newsdget/esp32/build_contexts/build_ctx_368994741/deps/freertos"
The flag --repo is not given, going to use mongoose-os repository
mongoose-os: Checking out master...
mongoose-os: Done, hash 2bed8d58598f8712c480d67dbbe07fa86fd9bcac
== Manifest has changed, forcing a clean rebuild...
Handling lib "core"...
Handling lib "rpc-common"...
Handling lib "sdlib"...
Handling lib "rpc-service-fs"...
Handling lib "rpc-service-config"...
rpc-service-config: Checking out master...
core: Checking out master...
rpc-service-fs: Checking out master...
sdlib: Checking out master...
rpc-common: Checking out master...
core: Done, hash c7359ef09e0f75bd693d88672ba9665b84d0e46a
rpc-service-config: Done, hash b30e187977d8dafcb4297cff60e036855a7ff531
rpc-service-fs: Done, hash 7edeecacec8ed276aa83485ae8879219dfface29
core: Hash unchanged at c7359ef09e0f75bd693d88672ba9665b84d0e46a (dir "/data/fwbuild-volumes/latest/apps/newsdget/esp32/build_contexts/build_ctx_368994741/deps/core")
core: Prepared local dir: "/data/fwbuild-volumes/latest/apps/newsdget/esp32/build_contexts/build_ctx_368994741/deps/core"
rpc-service-config: Hash unchanged at b30e187977d8dafcb4297cff60e036855a7ff531 (dir "/data/fwbuild-volumes/latest/apps/newsdget/esp32/build_contexts/build_ctx_368994741/deps/rpc-service-config")
rpc-service-config: Prepared local dir: "/data/fwbuild-volumes/latest/apps/newsdget/esp32/build_contexts/build_ctx_368994741/deps/rpc-service-config"
rpc-service-fs: Hash unchanged at 7edeecacec8ed276aa83485ae8879219dfface29 (dir "/data/fwbuild-volumes/latest/apps/newsdget/esp32/build_contexts/build_ctx_368994741/deps/rpc-service-fs")
rpc-service-fs: Prepared local dir: "/data/fwbuild-volumes/latest/apps/newsdget/esp32/build_contexts/build_ctx_368994741/deps/rpc-service-fs"
sdlib: Done, hash bd4f66082fbe01dc488cd5ce1782bf1bf1b656d2
rpc-common: Done, hash a7b259fdcdce8a6439bf2217d490eb93852fe879
sdlib: Hash unchanged at bd4f66082fbe01dc488cd5ce1782bf1bf1b656d2 (dir "/data/fwbuild-volumes/latest/apps/newsdget/esp32/build_contexts/build_ctx_368994741/deps/sdlib")
sdlib: Prepared local dir: "/data/fwbuild-volumes/latest/apps/newsdget/esp32/build_contexts/build_ctx_368994741/deps/sdlib"
rpc-common: Hash unchanged at a7b259fdcdce8a6439bf2217d490eb93852fe879 (dir "/data/fwbuild-volumes/latest/apps/newsdget/esp32/build_contexts/build_ctx_368994741/deps/rpc-common")
rpc-common: Prepared local dir: "/data/fwbuild-volumes/latest/apps/newsdget/esp32/build_contexts/build_ctx_368994741/deps/rpc-common"
Handling lib "mongoose"...
mongoose: Checking out master...
mongoose: Done, hash 135dae3e5280c09e6416a3797effb507b93eef1d
mongoose: Hash unchanged at 135dae3e5280c09e6416a3797effb507b93eef1d (dir "/data/fwbuild-volumes/latest/apps/newsdget/esp32/build_contexts/build_ctx_368994741/deps/mongoose")
mongoose: Prepared local dir: "/data/fwbuild-volumes/latest/apps/newsdget/esp32/build_contexts/build_ctx_368994741/deps/mongoose"
Handling lib "mbedtls"...
Handling lib "vfs-common"...
vfs-common: Checking out master...
mbedtls: Checking out master...
vfs-common: Done, hash 6e0af5a5e886b051160c9948218c7419c662e1e3
vfs-common: Hash unchanged at 6e0af5a5e886b051160c9948218c7419c662e1e3 (dir "/data/fwbuild-volumes/latest/apps/newsdget/esp32/build_contexts/build_ctx_368994741/deps/vfs-common")
vfs-common: Prepared local dir: "/data/fwbuild-volumes/latest/apps/newsdget/esp32/build_contexts/build_ctx_368994741/deps/vfs-common"
mbedtls: Done, hash 2c27b0f06329386aadc853b40992710b6cccf1d6
mbedtls: Hash unchanged at 2c27b0f06329386aadc853b40992710b6cccf1d6 (dir "/data/fwbuild-volumes/latest/apps/newsdget/esp32/build_contexts/build_ctx_368994741/deps/mbedtls")
mbedtls: Prepared local dir: "/data/fwbuild-volumes/latest/apps/newsdget/esp32/build_contexts/build_ctx_368994741/deps/mbedtls"
Handling lib "atca"...
atca: Checking out master...
atca: Done, hash 8fc5370f2244244e91973316bac28fd5a19528f9
atca: Hash unchanged at 8fc5370f2244244e91973316bac28fd5a19528f9 (dir "/data/fwbuild-volumes/latest/apps/newsdget/esp32/build_contexts/build_ctx_368994741/deps/atca")
atca: Prepared local dir: "/data/fwbuild-volumes/latest/apps/newsdget/esp32/build_contexts/build_ctx_368994741/deps/atca"
Handling lib "i2c"...
i2c: Checking out master...
i2c: Done, hash a411757db65da6890a30028244c8fc932d45f6f2
i2c: Hash unchanged at a411757db65da6890a30028244c8fc932d45f6f2 (dir "/data/fwbuild-volumes/latest/apps/newsdget/esp32/build_contexts/build_ctx_368994741/deps/i2c")
i2c: Prepared local dir: "/data/fwbuild-volumes/latest/apps/newsdget/esp32/build_contexts/build_ctx_368994741/deps/i2c"
Handling lib "freertos"...
Handling lib "vfs-fs-lfs"...
Handling lib "vfs-fs-spiffs"...
vfs-fs-spiffs: Checking out master...
freertos: Checking out master...
vfs-fs-lfs: Checking out master...
vfs-fs-spiffs: Done, hash 12850caac96f1ea6278d21a661d93a11228de4c3
vfs-fs-spiffs: Hash unchanged at 12850caac96f1ea6278d21a661d93a11228de4c3 (dir "/data/fwbuild-volumes/latest/apps/newsdget/esp32/build_contexts/build_ctx_368994741/deps/vfs-fs-spiffs")
vfs-fs-spiffs: Prepared local dir: "/data/fwbuild-volumes/latest/apps/newsdget/esp32/build_contexts/build_ctx_368994741/deps/vfs-fs-spiffs"
freertos: Done, hash bee6008ac1be64cf7fa099ff523aa8f7d18744d9
vfs-fs-lfs: Done, hash fc50315244ebc354f302628eecd416c2fab2251b
freertos: Hash unchanged at bee6008ac1be64cf7fa099ff523aa8f7d18744d9 (dir "/data/fwbuild-volumes/latest/apps/newsdget/esp32/build_contexts/build_ctx_368994741/deps/freertos")
freertos: Prepared local dir: "/data/fwbuild-volumes/latest/apps/newsdget/esp32/build_contexts/build_ctx_368994741/deps/freertos"
vfs-fs-lfs: Hash unchanged at fc50315244ebc354f302628eecd416c2fab2251b (dir "/data/fwbuild-volumes/latest/apps/newsdget/esp32/build_contexts/build_ctx_368994741/deps/vfs-fs-lfs")
vfs-fs-lfs: Prepared local dir: "/data/fwbuild-volumes/latest/apps/newsdget/esp32/build_contexts/build_ctx_368994741/deps/vfs-fs-lfs"
The flag --repo is not given, going to use mongoose-os repository
mongoose-os: Checking out master...
mongoose-os: Done, hash 2bed8d58598f8712c480d67dbbe07fa86fd9bcac
Sources: [/data/fwbuild-volumes/latest/apps/newsdget/esp32/build_contexts/build_ctx_368994741/src/main.c]
Include dirs: [/data/fwbuild-volumes/latest/apps/newsdget/esp32/build_contexts/build_ctx_368994741/deps/freertos/include /data/fwbuild-volumes/latest/apps/newsdget/esp32/build_contexts/build_ctx_368994741/deps/freertos/include/esp32 /data/fwbuild-volumes/latest/apps/newsdget/esp32/build_contexts/build_ctx_368994741/deps/i2c/include /data/fwbuild-volumes/latest/apps/newsdget/esp32/build_contexts/build_ctx_368994741/deps/atca/include /data/fwbuild-volumes/latest/apps/newsdget/esp32/build_contexts/build_ctx_368994741/deps/atca/cryptoauthlib/lib /data/fwbuild-volumes/latest/apps/newsdget/esp32/build_contexts/build_ctx_368994741/deps/atca/cryptoauthlib/lib/crypto /data/fwbuild-volumes/latest/apps/newsdget/esp32/build_contexts/build_ctx_368994741/deps/atca/cryptoauthlib/lib/hal /data/fwbuild-volumes/latest/apps/newsdget/esp32/build_contexts/build_ctx_368994741/deps/mbedtls/include /data/fwbuild-volumes/latest/apps/newsdget/esp32/build_contexts/build_ctx_368994741/deps/mbedtls/include/esp32 /data/fwbuild-volumes/latest/apps/newsdget/esp32/build_contexts/build_ctx_368994741/deps/mbedtls/mbedtls/include /data/fwbuild-volumes/latest/apps/newsdget/esp32/build_contexts/build_ctx_368994741/deps/vfs-common/include /data/fwbuild-volumes/latest/apps/newsdget/esp32/build_contexts/build_ctx_368994741/deps/vfs-common/include/esp32 /data/fwbuild-volumes/latest/apps/newsdget/esp32/build_contexts/build_ctx_368994741/deps/mongoose/include /data/fwbuild-volumes/latest/apps/newsdget/esp32/build_contexts/build_ctx_368994741/deps/vfs-fs-lfs/include /data/fwbuild-volumes/latest/apps/newsdget/esp32/build_contexts/build_ctx_368994741/deps/vfs-fs-lfs/littlefs /data/fwbuild-volumes/latest/apps/newsdget/esp32/build_contexts/build_ctx_368994741/deps/vfs-fs-lfs/littlefs1 /data/fwbuild-volumes/latest/apps/newsdget/esp32/build_contexts/build_ctx_368994741/deps/vfs-fs-spiffs/include /data/fwbuild-volumes/latest/apps/newsdget/esp32/build_contexts/build_ctx_368994741/deps/vfs-fs-spiffs/include/spiffs /data/fwbuild-volumes/latest/apps/newsdget/esp32/build_contexts/build_ctx_368994741/deps/vfs-fs-spiffs/include/esp32 /data/fwbuild-volumes/latest/apps/newsdget/esp32/build_contexts/build_ctx_368994741/deps/core/include /data/fwbuild-volumes/latest/apps/newsdget/esp32/build_contexts/build_ctx_368994741/deps/core/include/esp32 /data/fwbuild-volumes/latest/apps/newsdget/esp32/build_contexts/build_ctx_368994741/deps/rpc-common/include /data/fwbuild-volumes/latest/apps/newsdget/esp32/build_contexts/build_ctx_368994741/deps/rpc-service-config/include /data/fwbuild-volumes/latest/apps/newsdget/esp32/build_contexts/build_ctx_368994741/deps/rpc-service-fs/include /data/fwbuild-volumes/latest/apps/newsdget/esp32/build_contexts/build_ctx_368994741/deps/sdlib/include /data/fwbuild-volumes/latest/apps/newsdget/esp32/build_contexts/build_ctx_368994741/include]
Binary libs: []
Building...
mount from "/data/fwbuild-volumes/latest/apps/newsdget/esp32/build_contexts/build_ctx_368994741" to "/app"
mount from "/data/fwbuild-volumes/latest/apps/newsdget/esp32/build_contexts/build_ctx_368994741/deps/modules/mongoose-os" to "/mongoose-os"
mount from "/data/fwbuild-volumes/latest/apps/newsdget/esp32/build_contexts/build_ctx_368994741/deps/modules/mongoose-os" to "/data/fwbuild-volumes/latest/apps/newsdget/esp32/build_contexts/build_ctx_368994741/deps/modules/mongoose-os"
mount from "/data/fwbuild-volumes/latest/apps/newsdget/esp32/build_contexts/build_ctx_368994741/build" to "/data/fwbuild-volumes/latest/apps/newsdget/esp32/build_contexts/build_ctx_368994741/build"
mount from "/data/fwbuild-volumes/latest/apps/newsdget/esp32/build_contexts/build_ctx_368994741/src" to "/data/fwbuild-volumes/latest/apps/newsdget/esp32/build_contexts/build_ctx_368994741/src"
mount from "/data/fwbuild-volumes/latest/apps/newsdget/esp32/build_contexts/build_ctx_368994741/deps/freertos/include" to "/data/fwbuild-volumes/latest/apps/newsdget/esp32/build_contexts/build_ctx_368994741/deps/freertos/include"
mount from "/data/fwbuild-volumes/latest/apps/newsdget/esp32/build_contexts/build_ctx_368994741/deps/i2c/include" to "/data/fwbuild-volumes/latest/apps/newsdget/esp32/build_contexts/build_ctx_368994741/deps/i2c/include"
mount from "/data/fwbuild-volumes/latest/apps/newsdget/esp32/build_contexts/build_ctx_368994741/deps/atca/include" to "/data/fwbuild-volumes/latest/apps/newsdget/esp32/build_contexts/build_ctx_368994741/deps/atca/include"
mount from "/data/fwbuild-volumes/latest/apps/newsdget/esp32/build_contexts/build_ctx_368994741/deps/atca/cryptoauthlib/lib" to "/data/fwbuild-volumes/latest/apps/newsdget/esp32/build_contexts/build_ctx_368994741/deps/atca/cryptoauthlib/lib"
mount from "/data/fwbuild-volumes/latest/apps/newsdget/esp32/build_contexts/build_ctx_368994741/deps/atca/cryptoauthlib/lib/crypto" to "/data/fwbuild-volumes/latest/apps/newsdget/esp32/build_contexts/build_ctx_368994741/deps/atca/cryptoauthlib/lib/crypto"
mount from "/data/fwbuild-volumes/latest/apps/newsdget/esp32/build_contexts/build_ctx_368994741/deps/atca/cryptoauthlib/lib/hal" to "/data/fwbuild-volumes/latest/apps/newsdget/esp32/build_contexts/build_ctx_368994741/deps/atca/cryptoauthlib/lib/hal"
mount from "/data/fwbuild-volumes/latest/apps/newsdget/esp32/build_contexts/build_ctx_368994741/deps/mbedtls/include" to "/data/fwbuild-volumes/latest/apps/newsdget/esp32/build_contexts/build_ctx_368994741/deps/mbedtls/include"
mount from "/data/fwbuild-volumes/latest/apps/newsdget/esp32/build_contexts/build_ctx_368994741/deps/mbedtls/include/esp32" to "/data/fwbuild-volumes/latest/apps/newsdget/esp32/build_contexts/build_ctx_368994741/deps/mbedtls/include/esp32"
mount from "/data/fwbuild-volumes/latest/apps/newsdget/esp32/build_contexts/build_ctx_368994741/deps/mbedtls/mbedtls/include" to "/data/fwbuild-volumes/latest/apps/newsdget/esp32/build_contexts/build_ctx_368994741/deps/mbedtls/mbedtls/include"
mount from "/data/fwbuild-volumes/latest/apps/newsdget/esp32/build_contexts/build_ctx_368994741/deps/vfs-common/include" to "/data/fwbuild-volumes/latest/apps/newsdget/esp32/build_contexts/build_ctx_368994741/deps/vfs-common/include"
mount from "/data/fwbuild-volumes/latest/apps/newsdget/esp32/build_contexts/build_ctx_368994741/deps/vfs-common/include/esp32" to "/data/fwbuild-volumes/latest/apps/newsdget/esp32/build_contexts/build_ctx_368994741/deps/vfs-common/include/esp32"
mount from "/data/fwbuild-volumes/latest/apps/newsdget/esp32/build_contexts/build_ctx_368994741/deps/mongoose/include" to "/data/fwbuild-volumes/latest/apps/newsdget/esp32/build_contexts/build_ctx_368994741/deps/mongoose/include"
mount from "/data/fwbuild-volumes/latest/apps/newsdget/esp32/build_contexts/build_ctx_368994741/deps/vfs-fs-lfs/include" to "/data/fwbuild-volumes/latest/apps/newsdget/esp32/build_contexts/build_ctx_368994741/deps/vfs-fs-lfs/include"
mount from "/data/fwbuild-volumes/latest/apps/newsdget/esp32/build_contexts/build_ctx_368994741/deps/vfs-fs-lfs/littlefs" to "/data/fwbuild-volumes/latest/apps/newsdget/esp32/build_contexts/build_ctx_368994741/deps/vfs-fs-lfs/littlefs"
mount from "/data/fwbuild-volumes/latest/apps/newsdget/esp32/build_contexts/build_ctx_368994741/deps/vfs-fs-lfs/littlefs1" to "/data/fwbuild-volumes/latest/apps/newsdget/esp32/build_contexts/build_ctx_368994741/deps/vfs-fs-lfs/littlefs1"
mount from "/data/fwbuild-volumes/latest/apps/newsdget/esp32/build_contexts/build_ctx_368994741/deps/vfs-fs-spiffs/include" to "/data/fwbuild-volumes/latest/apps/newsdget/esp32/build_contexts/build_ctx_368994741/deps/vfs-fs-spiffs/include"
mount from "/data/fwbuild-volumes/latest/apps/newsdget/esp32/build_contexts/build_ctx_368994741/deps/vfs-fs-spiffs/include/spiffs" to "/data/fwbuild-volumes/latest/apps/newsdget/esp32/build_contexts/build_ctx_368994741/deps/vfs-fs-spiffs/include/spiffs"
mount from "/data/fwbuild-volumes/latest/apps/newsdget/esp32/build_contexts/build_ctx_368994741/deps/vfs-fs-spiffs/include/esp32" to "/data/fwbuild-volumes/latest/apps/newsdget/esp32/build_contexts/build_ctx_368994741/deps/vfs-fs-spiffs/include/esp32"
mount from "/data/fwbuild-volumes/latest/apps/newsdget/esp32/build_contexts/build_ctx_368994741/deps/core/include" to "/data/fwbuild-volumes/latest/apps/newsdget/esp32/build_contexts/build_ctx_368994741/deps/core/include"
mount from "/data/fwbuild-volumes/latest/apps/newsdget/esp32/build_contexts/build_ctx_368994741/deps/rpc-common/include" to "/data/fwbuild-volumes/latest/apps/newsdget/esp32/build_contexts/build_ctx_368994741/deps/rpc-common/include"
mount from "/data/fwbuild-volumes/latest/apps/newsdget/esp32/build_contexts/build_ctx_368994741/deps/rpc-service-config/include" to "/data/fwbuild-volumes/latest/apps/newsdget/esp32/build_contexts/build_ctx_368994741/deps/rpc-service-config/include"
mount from "/data/fwbuild-volumes/latest/apps/newsdget/esp32/build_contexts/build_ctx_368994741/deps/rpc-service-fs/include" to "/data/fwbuild-volumes/latest/apps/newsdget/esp32/build_contexts/build_ctx_368994741/deps/rpc-service-fs/include"
mount from "/data/fwbuild-volumes/latest/apps/newsdget/esp32/build_contexts/build_ctx_368994741/deps/sdlib/include" to "/data/fwbuild-volumes/latest/apps/newsdget/esp32/build_contexts/build_ctx_368994741/deps/sdlib/include"
mount from "/data/fwbuild-volumes/latest/apps/newsdget/esp32/build_contexts/build_ctx_368994741/build/gen" to "/data/fwbuild-volumes/latest/apps/newsdget/esp32/build_contexts/build_ctx_368994741/build/gen"
Docker arguments: run --name mos_build_2020-06-05T05-36-06-00_3458044660889837391 --rm -i -v /data/fwbuild-volumes/latest/apps/newsdget/esp32/build_contexts/build_ctx_368994741/deps/freertos/include:/data/fwbuild-volumes/latest/apps/newsdget/esp32/build_contexts/build_ctx_368994741/deps/freertos/include -v /data/fwbuild-volumes/latest/apps/newsdget/esp32/build_contexts/build_ctx_368994741/deps/vfs-common/include:/data/fwbuild-volumes/latest/apps/newsdget/esp32/build_contexts/build_ctx_368994741/deps/vfs-common/include -v /data/fwbuild-volumes/latest/apps/newsdget/esp32/build_contexts/build_ctx_368994741/deps/vfs-fs-lfs/littlefs:/data/fwbuild-volumes/latest/apps/newsdget/esp32/build_contexts/build_ctx_368994741/deps/vfs-fs-lfs/littlefs -v /data/fwbuild-volumes/latest/apps/newsdget/esp32/build_contexts/build_ctx_368994741/deps/vfs-fs-lfs/littlefs1:/data/fwbuild-volumes/latest/apps/newsdget/esp32/build_contexts/build_ctx_368994741/deps/vfs-fs-lfs/littlefs1 -v /data/fwbuild-volumes/latest/apps/newsdget/esp32/build_contexts/build_ctx_368994741/deps/core/include:/data/fwbuild-volumes/latest/apps/newsdget/esp32/build_contexts/build_ctx_368994741/deps/core/include -v /data/fwbuild-volumes/latest/apps/newsdget/esp32/build_contexts/build_ctx_368994741/deps/rpc-service-fs/include:/data/fwbuild-volumes/latest/apps/newsdget/esp32/build_contexts/build_ctx_368994741/deps/rpc-service-fs/include -v /data/fwbuild-volumes/latest/apps/newsdget/esp32/build_contexts/build_ctx_368994741/src:/data/fwbuild-volumes/latest/apps/newsdget/esp32/build_contexts/build_ctx_368994741/src -v /data/fwbuild-volumes/latest/apps/newsdget/esp32/build_contexts/build_ctx_368994741/deps/i2c/include:/data/fwbuild-volumes/latest/apps/newsdget/esp32/build_contexts/build_ctx_368994741/deps/i2c/include -v /data/fwbuild-volumes/latest/apps/newsdget/esp32/build_contexts/build_ctx_368994741/deps/atca/include:/data/fwbuild-volumes/latest/apps/newsdget/esp32/build_contexts/build_ctx_368994741/deps/atca/include -v /data/fwbuild-volumes/latest/apps/newsdget/esp32/build_contexts/build_ctx_368994741/deps/atca/cryptoauthlib/lib/crypto:/data/fwbuild-volumes/latest/apps/newsdget/esp32/build_contexts/build_ctx_368994741/deps/atca/cryptoauthlib/lib/crypto -v /data/fwbuild-volumes/latest/apps/newsdget/esp32/build_contexts/build_ctx_368994741/deps/vfs-fs-spiffs/include/spiffs:/data/fwbuild-volumes/latest/apps/newsdget/esp32/build_contexts/build_ctx_368994741/deps/vfs-fs-spiffs/include/spiffs -v /data/fwbuild-volumes/latest/apps/newsdget/esp32/build_contexts/build_ctx_368994741/deps/atca/cryptoauthlib/lib:/data/fwbuild-volumes/latest/apps/newsdget/esp32/build_contexts/build_ctx_368994741/deps/atca/cryptoauthlib/lib -v /data/fwbuild-volumes/latest/apps/newsdget/esp32/build_contexts/build_ctx_368994741/build/gen:/data/fwbuild-volumes/latest/apps/newsdget/esp32/build_contexts/build_ctx_368994741/build/gen -v /data/fwbuild-volumes/latest/apps/newsdget/esp32/build_contexts/build_ctx_368994741/deps/modules/mongoose-os:/mongoose-os -v /data/fwbuild-volumes/latest/apps/newsdget/esp32/build_contexts/build_ctx_368994741/deps/vfs-common/include/esp32:/data/fwbuild-volumes/latest/apps/newsdget/esp32/build_contexts/build_ctx_368994741/deps/vfs-common/include/esp32 -v /data/fwbuild-volumes/latest/apps/newsdget/esp32/build_contexts/build_ctx_368994741/deps/mongoose/include:/data/fwbuild-volumes/latest/apps/newsdget/esp32/build_contexts/build_ctx_368994741/deps/mongoose/include -v /data/fwbuild-volumes/latest/apps/newsdget/esp32/build_contexts/build_ctx_368994741/deps/sdlib/include:/data/fwbuild-volumes/latest/apps/newsdget/esp32/build_contexts/build_ctx_368994741/deps/sdlib/include -v /data/fwbuild-volumes/latest/apps/newsdget/esp32/build_contexts/build_ctx_368994741/deps/rpc-service-config/include:/data/fwbuild-volumes/latest/apps/newsdget/esp32/build_contexts/build_ctx_368994741/deps/rpc-service-config/include -v /data/fwbuild-volumes/latest/apps/newsdget/esp32/build_contexts/build_ctx_368994741:/app -v /data/fwbuild-volumes/latest/apps/newsdget/esp32/build_contexts/build_ctx_368994741/deps/modules/mongoose-os:/data/fwbuild-volumes/latest/apps/newsdget/esp32/build_contexts/build_ctx_368994741/deps/modules/mongoose-os -v /data/fwbuild-volumes/latest/apps/newsdget/esp32/build_contexts/build_ctx_368994741/deps/atca/cryptoauthlib/lib/hal:/data/fwbuild-volumes/latest/apps/newsdget/esp32/build_contexts/build_ctx_368994741/deps/atca/cryptoauthlib/lib/hal -v /data/fwbuild-volumes/latest/apps/newsdget/esp32/build_contexts/build_ctx_368994741/deps/mbedtls/include/esp32:/data/fwbuild-volumes/latest/apps/newsdget/esp32/build_contexts/build_ctx_368994741/deps/mbedtls/include/esp32 -v /data/fwbuild-volumes/latest/apps/newsdget/esp32/build_contexts/build_ctx_368994741/deps/vfs-fs-spiffs/include:/data/fwbuild-volumes/latest/apps/newsdget/esp32/build_contexts/build_ctx_368994741/deps/vfs-fs-spiffs/include -v /data/fwbuild-volumes/latest/apps/newsdget/esp32/build_contexts/build_ctx_368994741/deps/mbedtls/mbedtls/include:/data/fwbuild-volumes/latest/apps/newsdget/esp32/build_contexts/build_ctx_368994741/deps/mbedtls/mbedtls/include -v /data/fwbuild-volumes/latest/apps/newsdget/esp32/build_contexts/build_ctx_368994741/deps/vfs-fs-lfs/include:/data/fwbuild-volumes/latest/apps/newsdget/esp32/build_contexts/build_ctx_368994741/deps/vfs-fs-lfs/include -v /data/fwbuild-volumes/latest/apps/newsdget/esp32/build_contexts/build_ctx_368994741/deps/vfs-fs-spiffs/include/esp32:/data/fwbuild-volumes/latest/apps/newsdget/esp32/build_contexts/build_ctx_368994741/deps/vfs-fs-spiffs/include/esp32 -v /data/fwbuild-volumes/latest/apps/newsdget/esp32/build_contexts/build_ctx_368994741/build:/data/fwbuild-volumes/latest/apps/newsdget/esp32/build_contexts/build_ctx_368994741/build -v /data/fwbuild-volumes/latest/apps/newsdget/esp32/build_contexts/build_ctx_368994741/deps/mbedtls/include:/data/fwbuild-volumes/latest/apps/newsdget/esp32/build_contexts/build_ctx_368994741/deps/mbedtls/include -v /data/fwbuild-volumes/latest/apps/newsdget/esp32/build_contexts/build_ctx_368994741/deps/rpc-common/include:/data/fwbuild-volumes/latest/apps/newsdget/esp32/build_contexts/build_ctx_368994741/deps/rpc-common/include --user 0:0 docker.io/mgos/esp32-build:3.3-r4 /bin/bash -c nice make '-j' '8' '-C' '/app' '-f' '/data/fwbuild-volumes/latest/apps/newsdget/esp32/build_contexts/build_ctx_368994741/deps/modules/mongoose-os/platforms/esp32/Makefile.build' '/data/fwbuild-volumes/latest/apps/newsdget/esp32/build_contexts/build_ctx_368994741/build/objs/moslib/libmoslib.a' 'MGOS_VARS_FILE=/data/fwbuild-volumes/latest/apps/newsdget/esp32/build_contexts/build_ctx_368994741/build/gen/vars.mk' 'MGOS_MAIN_COMPONENT=moslib'
make: Entering directory '/app'
/data/fwbuild-volumes/latest/apps/newsdget/esp32/build_contexts/build_ctx_368994741/deps/modules/mongoose-os/platforms/esp32/Makefile.build:179: warning: overriding recipe for target 'defconfig'
/opt/Espressif/esp-idf/make/project_config.mk:82: warning: ignoring old recipe for target 'defconfig'
/data/fwbuild-volumes/latest/apps/newsdget/esp32/build_contexts/build_ctx_368994741/deps/modules/mongoose-os/platforms/esp32/Makefile.build:179: warning: overriding recipe for target 'menuconfig'
/opt/Espressif/esp-idf/make/project_config.mk:69: warning: ignoring old recipe for target 'menuconfig'
/data/fwbuild-volumes/latest/apps/newsdget/esp32/build_contexts/build_ctx_368994741/deps/modules/mongoose-os/platforms/esp32/Makefile.build:220: warning: overriding recipe for target 'clean'
/opt/Espressif/esp-idf/components/app_update/Makefile.projbuild:48: warning: ignoring old recipe for target 'clean'
GENCONFIG
#
# configuration written to /data/fwbuild-volumes/latest/apps/newsdget/esp32/build_contexts/build_ctx_368994741/build/gen/sdkconfig
#
make[1]: Entering directory '/data/fwbuild-volumes/latest/apps/newsdget/esp32/build_contexts/build_ctx_368994741/build/objs/wear_levelling'
make[1]: Entering directory '/data/fwbuild-volumes/latest/apps/newsdget/esp32/build_contexts/build_ctx_368994741/build/objs/spiffs'
make[1]: Entering directory '/data/fwbuild-volumes/latest/apps/newsdget/esp32/build_contexts/build_ctx_368994741/build/objs/sdmmc'
make[1]: Entering directory '/data/fwbuild-volumes/latest/apps/newsdget/esp32/build_contexts/build_ctx_368994741/build/objs/moslib'
make[1]: Entering directory '/data/fwbuild-volumes/latest/apps/newsdget/esp32/build_contexts/build_ctx_368994741/build/objs/fatfs'
make[1]: Entering directory '/data/fwbuild-volumes/latest/apps/newsdget/esp32/build_contexts/build_ctx_368994741/build/objs/vfs'
make[1]: Entering directory '/data/fwbuild-volumes/latest/apps/newsdget/esp32/build_contexts/build_ctx_368994741/build/objs/xtensa-debug-module'
make[1]: Entering directory '/data/fwbuild-volumes/latest/apps/newsdget/esp32/build_contexts/build_ctx_368994741/build/objs/wpa_supplicant'
make[1]: Leaving directory '/data/fwbuild-volumes/latest/apps/newsdget/esp32/build_contexts/build_ctx_368994741/build/objs/spiffs'
make[1]: Leaving directory '/data/fwbuild-volumes/latest/apps/newsdget/esp32/build_contexts/build_ctx_368994741/build/objs/sdmmc'
make[1]: Leaving directory '/data/fwbuild-volumes/latest/apps/newsdget/esp32/build_contexts/build_ctx_368994741/build/objs/vfs'
make[1]: Leaving directory '/data/fwbuild-volumes/latest/apps/newsdget/esp32/build_contexts/build_ctx_368994741/build/objs/wear_levelling'
make[1]: Leaving directory '/data/fwbuild-volumes/latest/apps/newsdget/esp32/build_contexts/build_ctx_368994741/build/objs/moslib'
make[1]: Leaving directory '/data/fwbuild-volumes/latest/apps/newsdget/esp32/build_contexts/build_ctx_368994741/build/objs/fatfs'
make[1]: Entering directory '/data/fwbuild-volumes/latest/apps/newsdget/esp32/build_contexts/build_ctx_368994741/build/objs/tcpip_adapter'
make[1]: Leaving directory '/data/fwbuild-volumes/latest/apps/newsdget/esp32/build_contexts/build_ctx_368994741/build/objs/xtensa-debug-module'
make[1]: Entering directory '/data/fwbuild-volumes/latest/apps/newsdget/esp32/build_contexts/build_ctx_368994741/build/objs/smartconfig_ack'
make[1]: Entering directory '/data/fwbuild-volumes/latest/apps/newsdget/esp32/build_contexts/build_ctx_368994741/build/objs/spi_flash'
make[1]: Entering directory '/data/fwbuild-volumes/latest/apps/newsdget/esp32/build_contexts/build_ctx_368994741/build/objs/pthread'
make[1]: Entering directory '/data/fwbuild-volumes/latest/apps/newsdget/esp32/build_contexts/build_ctx_368994741/build/objs/soc'
make[1]: Leaving directory '/data/fwbuild-volumes/latest/apps/newsdget/esp32/build_contexts/build_ctx_368994741/build/objs/wpa_supplicant'
make[1]: Entering directory '/data/fwbuild-volumes/latest/apps/newsdget/esp32/build_contexts/build_ctx_368994741/build/objs/nvs_flash'
make[1]: Entering directory '/data/fwbuild-volumes/latest/apps/newsdget/esp32/build_contexts/build_ctx_368994741/build/objs/partition_table'
make[1]: Leaving directory '/data/fwbuild-volumes/latest/apps/newsdget/esp32/build_contexts/build_ctx_368994741/build/objs/partition_table'
make[1]: Entering directory '/data/fwbuild-volumes/latest/apps/newsdget/esp32/build_contexts/build_ctx_368994741/build/objs/newlib'
make[1]: Entering directory '/data/fwbuild-volumes/latest/apps/newsdget/esp32/build_contexts/build_ctx_368994741/build/objs/micro-ecc'
make[1]: Leaving directory '/data/fwbuild-volumes/latest/apps/newsdget/esp32/build_contexts/build_ctx_368994741/build/objs/tcpip_adapter'
make[1]: Leaving directory '/data/fwbuild-volumes/latest/apps/newsdget/esp32/build_contexts/build_ctx_368994741/build/objs/smartconfig_ack'
make[1]: Leaving directory '/data/fwbuild-volumes/latest/apps/newsdget/esp32/build_contexts/build_ctx_368994741/build/objs/spi_flash'
make[1]: Leaving directory '/data/fwbuild-volumes/latest/apps/newsdget/esp32/build_contexts/build_ctx_368994741/build/objs/pthread'
make[1]: Leaving directory '/data/fwbuild-volumes/latest/apps/newsdget/esp32/build_contexts/build_ctx_368994741/build/objs/soc'
make[1]: Entering directory '/data/fwbuild-volumes/latest/apps/newsdget/esp32/build_contexts/build_ctx_368994741/build/objs/log'
make[1]: Entering directory '/data/fwbuild-volumes/latest/apps/newsdget/esp32/build_contexts/build_ctx_368994741/build/objs/heap'
make[1]: Leaving directory '/data/fwbuild-volumes/latest/apps/newsdget/esp32/build_contexts/build_ctx_368994741/build/objs/nvs_flash'
make[1]: Entering directory '/data/fwbuild-volumes/latest/apps/newsdget/esp32/build_contexts/build_ctx_368994741/build/objs/expat'
make[1]: Entering directory '/data/fwbuild-volumes/latest/apps/newsdget/esp32/build_contexts/build_ctx_368994741/build/objs/lwip'
make[1]: Entering directory '/data/fwbuild-volumes/latest/apps/newsdget/esp32/build_contexts/build_ctx_368994741/build/objs/freertos'
make[1]: Entering directory '/data/fwbuild-volumes/latest/apps/newsdget/esp32/build_contexts/build_ctx_368994741/build/objs/ethernet'
make[1]: Leaving directory '/data/fwbuild-volumes/latest/apps/newsdget/esp32/build_contexts/build_ctx_368994741/build/objs/micro-ecc'
make[1]: Leaving directory '/data/fwbuild-volumes/latest/apps/newsdget/esp32/build_contexts/build_ctx_368994741/build/objs/newlib'
make[1]: Leaving directory '/data/fwbuild-volumes/latest/apps/newsdget/esp32/build_contexts/build_ctx_368994741/build/objs/log'
make[1]: Entering directory '/data/fwbuild-volumes/latest/apps/newsdget/esp32/build_contexts/build_ctx_368994741/build/objs/esptool_py'
make[1]: Entering directory '/data/fwbuild-volumes/latest/apps/newsdget/esp32/build_contexts/build_ctx_368994741/build/objs/esp_ringbuf'
make[1]: Leaving directory '/data/fwbuild-volumes/latest/apps/newsdget/esp32/build_contexts/build_ctx_368994741/build/objs/heap'
make[1]: Leaving directory '/data/fwbuild-volumes/latest/apps/newsdget/esp32/build_contexts/build_ctx_368994741/build/objs/freertos'
make[1]: Leaving directory '/data/fwbuild-volumes/latest/apps/newsdget/esp32/build_contexts/build_ctx_368994741/build/objs/esptool_py'
make[1]: Leaving directory '/data/fwbuild-volumes/latest/apps/newsdget/esp32/build_contexts/build_ctx_368994741/build/objs/expat'
make[1]: Entering directory '/data/fwbuild-volumes/latest/apps/newsdget/esp32/build_contexts/build_ctx_368994741/build/objs/esp_event'
make[1]: Entering directory '/data/fwbuild-volumes/latest/apps/newsdget/esp32/build_contexts/build_ctx_368994741/build/objs/esp32'
make[1]: Leaving directory '/data/fwbuild-volumes/latest/apps/newsdget/esp32/build_contexts/build_ctx_368994741/build/objs/lwip'
make[1]: Entering directory '/data/fwbuild-volumes/latest/apps/newsdget/esp32/build_contexts/build_ctx_368994741/build/objs/esp_adc_cal'
make[1]: Entering directory '/data/fwbuild-volumes/latest/apps/newsdget/esp32/build_contexts/build_ctx_368994741/build/objs/espcoredump'
make[1]: Entering directory '/data/fwbuild-volumes/latest/apps/newsdget/esp32/build_contexts/build_ctx_368994741/build/objs/efuse'
make[1]: Entering directory '/data/fwbuild-volumes/latest/apps/newsdget/esp32/build_contexts/build_ctx_368994741/build/objs/driver'
make[1]: Leaving directory '/data/fwbuild-volumes/latest/apps/newsdget/esp32/build_contexts/build_ctx_368994741/build/objs/ethernet'
make[1]: Leaving directory '/data/fwbuild-volumes/latest/apps/newsdget/esp32/build_contexts/build_ctx_368994741/build/objs/esp_adc_cal'
make[1]: Entering directory '/data/fwbuild-volumes/latest/apps/newsdget/esp32/build_contexts/build_ctx_368994741/build/objs/cxx'
make[1]: Leaving directory '/data/fwbuild-volumes/latest/apps/newsdget/esp32/build_contexts/build_ctx_368994741/build/objs/esp32'
make[1]: Entering directory '/data/fwbuild-volumes/latest/apps/newsdget/esp32/build_contexts/build_ctx_368994741/build/objs/bootloader_support'
make[1]: Entering directory '/data/fwbuild-volumes/latest/apps/newsdget/esp32/build_contexts/build_ctx_368994741/build/objs/bootloader'
make[1]: Leaving directory '/data/fwbuild-volumes/latest/apps/newsdget/esp32/build_contexts/build_ctx_368994741/build/objs/espcoredump'
make[1]: Leaving directory '/data/fwbuild-volumes/latest/apps/newsdget/esp32/build_contexts/build_ctx_368994741/build/objs/esp_event'
make[1]: Leaving directory '/data/fwbuild-volumes/latest/apps/newsdget/esp32/build_contexts/build_ctx_368994741/build/objs/bootloader'
make[1]: Leaving directory '/data/fwbuild-volumes/latest/apps/newsdget/esp32/build_contexts/build_ctx_368994741/build/objs/esp_ringbuf'
make[1]: Leaving directory '/data/fwbuild-volumes/latest/apps/newsdget/esp32/build_contexts/build_ctx_368994741/build/objs/efuse'
make[1]: Entering directory '/data/fwbuild-volumes/latest/apps/newsdget/esp32/build_contexts/build_ctx_368994741/build/objs/app_update'
make[1]: Entering directory '/data/fwbuild-volumes/latest/apps/newsdget/esp32/build_contexts/build_ctx_368994741/build/objs/app_trace'
make[1]: Leaving directory '/data/fwbuild-volumes/latest/apps/newsdget/esp32/build_contexts/build_ctx_368994741/build/objs/driver'
make[1]: Leaving directory '/data/fwbuild-volumes/latest/apps/newsdget/esp32/build_contexts/build_ctx_368994741/build/objs/cxx'
make[1]: Leaving directory '/data/fwbuild-volumes/latest/apps/newsdget/esp32/build_contexts/build_ctx_368994741/build/objs/bootloader_support'
App "newsdget" version: 2bed8d5
make[1]: Leaving directory '/data/fwbuild-volumes/latest/apps/newsdget/esp32/build_contexts/build_ctx_368994741/build/objs/app_trace'
make[1]: Leaving directory '/data/fwbuild-volumes/latest/apps/newsdget/esp32/build_contexts/build_ctx_368994741/build/objs/app_update'
/data/fwbuild-volumes/latest/apps/newsdget/esp32/build_contexts/build_ctx_368994741/deps/modules/mongoose-os/platforms/esp32/Makefile.build:220: warning: overriding recipe for target 'clean'
/opt/Espressif/esp-idf/components/app_update/Makefile.projbuild:48: warning: ignoring old recipe for target 'clean'
make[1]: Entering directory '/data/fwbuild-volumes/latest/apps/newsdget/esp32/build_contexts/build_ctx_368994741/build/objs/moslib'
  GEN   /data/fwbuild-volumes/latest/apps/newsdget/esp32/build_contexts/build_ctx_368994741/build/gen/mgos_config.c
  GEN   /data/fwbuild-volumes/latest/apps/newsdget/esp32/build_contexts/build_ctx_368994741/build/gen/mgos_ro_vars.c
CC main.o
AR /data/fwbuild-volumes/latest/apps/newsdget/esp32/build_contexts/build_ctx_368994741/build/objs/moslib/libmoslib.a
make[1]: Leaving directory '/data/fwbuild-volumes/latest/apps/newsdget/esp32/build_contexts/build_ctx_368994741/build/objs/moslib'
make: Leaving directory '/app'
Lib saved to build/lib.a
